2025-07-15 07:46:14,156 - f1webapp - INFO - Getting events for year 2025
2025-07-15 07:46:14,594 - f1_update - INFO - Found 1 events to update
2025-07-15 07:46:14,594 - f1_update - INFO - Updating event: 2025 Belgian Grand Prix
2025-07-15 07:46:14,594 - f1webapp - INFO - Getting session types for 2025 Belgian Grand Prix
2025-07-15 07:46:14,613 - f1webapp - ERROR - Error getting session types for 2025 Belgian Grand Prix: 'Event' object has no attribute 'get_session_info'
2025-07-15 07:46:14,613 - f1_update - INFO - Available sessions for 2025 Belgian Grand Prix: []
2025-07-15 07:46:14,613 - f1_update - INFO - Updated 0/0 sessions for 2025 Belgian Grand Prix
2025-07-15 07:46:14,637 - f1_update - INFO - Statistics saved to update_stats.json
2025-07-15 07:46:14,637 - f1_update - INFO - Update complete. Successfully updated 0/0 sessions.
2025-07-15 07:46:14,637 - f1_update - INFO - Total execution time: 0.48 seconds
2025-07-15 07:46:59,441 - f1webapp - INFO - Getting events for year 2025
2025-07-15 07:46:59,466 - f1_update - INFO - Found 1 events to update
2025-07-15 07:46:59,467 - f1_update - INFO - Updating event: 2025 Belgian Grand Prix
2025-07-15 07:46:59,467 - f1webapp - INFO - Getting session types for 2025 Belgian Grand Prix
2025-07-15 07:46:59,490 - f1_update - INFO - Available sessions for 2025 Belgian Grand Prix: ['FP1', 'SQ', 'S', 'Q', 'R']
2025-07-15 07:46:59,490 - f1webapp - INFO - Getting session types for 2025 Belgian Grand Prix
2025-07-15 07:46:59,518 - f1_update - INFO - Session 2025 Belgian Grand Prix FP1 has not started yet, skipping
2025-07-15 07:46:59,541 - f1webapp - INFO - Getting session types for 2025 Belgian Grand Prix
2025-07-15 07:46:59,566 - f1_update - INFO - Session 2025 Belgian Grand Prix SQ has not started yet, skipping
2025-07-15 07:46:59,592 - f1webapp - INFO - Getting session types for 2025 Belgian Grand Prix
2025-07-15 07:46:59,620 - f1_update - INFO - Session 2025 Belgian Grand Prix S has not started yet, skipping
2025-07-15 07:46:59,640 - f1webapp - INFO - Getting session types for 2025 Belgian Grand Prix
2025-07-15 07:46:59,663 - f1_update - INFO - Session 2025 Belgian Grand Prix Q has not started yet, skipping
2025-07-15 07:46:59,685 - f1webapp - INFO - Getting session types for 2025 Belgian Grand Prix
2025-07-15 07:46:59,708 - f1_update - INFO - Session 2025 Belgian Grand Prix R has not started yet, skipping
2025-07-15 07:46:59,731 - f1_update - INFO - Updated 0/5 sessions for 2025 Belgian Grand Prix
2025-07-15 07:46:59,753 - f1_update - INFO - Statistics saved to update_stats.json
2025-07-15 07:46:59,753 - f1_update - INFO - Update complete. Successfully updated 0/5 sessions.
2025-07-15 07:46:59,753 - f1_update - INFO - Success rate: 0.00%
2025-07-15 07:46:59,753 - f1_update - INFO - Total execution time: 0.31 seconds
2025-07-15 07:47:55,188 - f1webapp - INFO - Getting events for year 2025
2025-07-15 07:47:55,213 - f1_update - INFO - Found 1 events to update
2025-07-15 07:47:55,213 - f1_update - INFO - Updating event: 2025 Belgian Grand Prix
2025-07-15 07:47:55,213 - f1webapp - INFO - Getting session types for 2025 Belgian Grand Prix
2025-07-15 07:47:55,237 - f1_update - INFO - Available sessions for 2025 Belgian Grand Prix: ['FP1', 'SQ', 'S', 'Q', 'R']
2025-07-15 07:47:55,237 - f1webapp - INFO - Getting session types for 2025 Belgian Grand Prix
2025-07-15 07:47:55,259 - f1_update - INFO - Session 2025 Belgian Grand Prix FP1 has not started yet, skipping
2025-07-15 07:47:55,284 - f1webapp - INFO - Getting session types for 2025 Belgian Grand Prix
2025-07-15 07:47:55,305 - f1_update - INFO - Session 2025 Belgian Grand Prix SQ has not started yet, skipping
2025-07-15 07:47:55,328 - f1webapp - INFO - Getting session types for 2025 Belgian Grand Prix
2025-07-15 07:47:55,350 - f1_update - INFO - Session 2025 Belgian Grand Prix S has not started yet, skipping
2025-07-15 07:47:55,372 - f1webapp - INFO - Getting session types for 2025 Belgian Grand Prix
2025-07-15 07:47:55,398 - f1_update - INFO - Session 2025 Belgian Grand Prix Q has not started yet, skipping
2025-07-15 07:47:55,420 - f1webapp - INFO - Getting session types for 2025 Belgian Grand Prix
2025-07-15 07:47:55,448 - f1_update - INFO - Session 2025 Belgian Grand Prix R has not started yet, skipping
2025-07-15 07:47:55,471 - f1_update - INFO - Updated 0/5 sessions for 2025 Belgian Grand Prix
2025-07-15 07:47:55,488 - f1_update - INFO - Statistics saved to update_stats.json
2025-07-15 07:47:55,488 - f1_update - INFO - Update complete. Successfully updated 0/5 sessions.
2025-07-15 07:47:55,489 - f1_update - INFO - Success rate: 0.00%
2025-07-15 07:47:55,489 - f1_update - INFO - Total execution time: 0.30 seconds
